<?xml version="1.0" encoding="UTF-8"?>
<!-- Generated by org.testng.reporters.JUnitReportReporter -->
<testsuite hostname="LTIN593359" failures="0" tests="3" name="MobileSearchAutomation.Main" time="21.275" errors="0" timestamp="2025-03-28T12:11:18 IST" skipped="0">
  <testcase classname="MobileSearchAutomation.Main" name="searchMobile" time="19.905"/>
  <testcase classname="MobileSearchAutomation.Main" name="sortByNewestArrivals" time="0.707"/>
  <testcase classname="MobileSearchAutomation.Main" name="validateResults" time="0.663"/>
</testsuite> <!-- MobileSearchAutomation.Main -->
